2022-02-11 16:37:43.780  INFO 18000 --- [restartedMain] c.d.logging.DemoForLoggingApplication    : Starting DemoForLoggingApplication using Java 1.8.0_321 on DESKTOP-MIBTVMJ with PID 18000 (D:\git\logging\target\classes started by Nikhil kumar in D:\git\logging)
2022-02-11 16:37:43.783  INFO 18000 --- [restartedMain] c.d.logging.DemoForLoggingApplication    : No active profile set, falling back to default profiles: default
2022-02-11 16:37:43.812  INFO 18000 --- [restartedMain] .e.DevToolsPropertyDefaultsPostProcessor : Devtools property defaults active! Set 'spring.devtools.add-properties' to 'false' to disable
2022-02-11 16:37:43.813  INFO 18000 --- [restartedMain] .e.DevToolsPropertyDefaultsPostProcessor : For additional web related logging consider setting the 'logging.level.web' property to 'DEBUG'
2022-02-11 16:37:44.446  INFO 18000 --- [restartedMain] o.s.b.w.embedded.tomcat.TomcatWebServer  : Tomcat initialized with port(s): 8081 (http)
2022-02-11 16:37:44.453  INFO 18000 --- [restartedMain] o.apache.catalina.core.StandardService   : Starting service [Tomcat]
2022-02-11 16:37:44.453  INFO 18000 --- [restartedMain] org.apache.catalina.core.StandardEngine  : Starting Servlet engine: [Apache Tomcat/9.0.54]
2022-02-11 16:37:44.507  INFO 18000 --- [restartedMain] o.a.c.c.C.[Tomcat].[localhost].[/]       : Initializing Spring embedded WebApplicationContext
2022-02-11 16:37:44.507  INFO 18000 --- [restartedMain] w.s.c.ServletWebServerApplicationContext : Root WebApplicationContext: initialization completed in 693 ms
2022-02-11 16:37:44.755  INFO 18000 --- [restartedMain] pertySourcedRequestMappingHandlerMapping : Mapped URL path [/v2/api-docs] onto method [springfox.documentation.swagger2.web.Swagger2Controller#getDocumentation(String, HttpServletRequest)]
2022-02-11 16:37:44.820  INFO 18000 --- [restartedMain] o.s.b.d.a.OptionalLiveReloadServer       : LiveReload server is running on port 35729
2022-02-11 16:37:44.903  INFO 18000 --- [restartedMain] o.s.b.w.embedded.tomcat.TomcatWebServer  : Tomcat started on port(s): 8081 (http) with context path ''
2022-02-11 16:37:44.904  INFO 18000 --- [restartedMain] d.s.w.p.DocumentationPluginsBootstrapper : Context refreshed
2022-02-11 16:37:44.917  INFO 18000 --- [restartedMain] d.s.w.p.DocumentationPluginsBootstrapper : Found 1 custom documentation plugin(s)
2022-02-11 16:37:44.934  INFO 18000 --- [restartedMain] s.d.s.w.s.ApiListingReferenceScanner     : Scanning for api listing references
2022-02-11 16:37:44.947  INFO 18000 --- [restartedMain] c.d.logging.DemoForLoggingApplication    : Started DemoForLoggingApplication in 1.463 seconds (JVM running for 2.021)
2022-02-11 16:43:40.875  INFO 18000 --- [http-nio-8081-exec-1] o.a.c.c.C.[Tomcat].[localhost].[/]       : Initializing Spring DispatcherServlet 'dispatcherServlet'
2022-02-11 16:43:40.876  INFO 18000 --- [http-nio-8081-exec-1] o.s.web.servlet.DispatcherServlet        : Initializing Servlet 'dispatcherServlet'
2022-02-11 16:43:40.878  INFO 18000 --- [http-nio-8081-exec-1] o.s.web.servlet.DispatcherServlet        : Completed initialization in 2 ms
2022-02-11 16:43:46.521  INFO 18000 --- [RMI TCP Connection(9)-127.0.0.1] inMXBeanRegistrar$SpringApplicationAdmin : Application shutdown requested.
